2018-08-30 13:22:35,322 INFO [main] c.l.m.MytestApplication [StartupInfoLogger.java:50] Starting MytestApplication on DESKTOP-3D9UNLH with PID 24444 (C:\work\gitWork\mytest\out\production\classes started by lkt in C:\work\gitWork\mytest)
2018-08-30 13:22:35,327 INFO [main] c.l.m.MytestApplication [SpringApplication.java:659] No active profile set, falling back to default profiles: default
2018-08-30 13:22:35,431 INFO [main] o.s.b.w.s.c.AnnotationConfigServletWebServerApplicationContext [AbstractApplicationContext.java:590] Refreshing org.springframework.boot.web.servlet.context.AnnotationConfigServletWebServerApplicationContext@55182842: startup date [Thu Aug 30 13:22:35 CST 2018]; root of context hierarchy
2018-08-30 13:22:36,484 INFO [main] o.s.d.r.c.RepositoryConfigurationDelegate [RepositoryConfigurationDelegate.java:163] Multiple Spring Data modules found, entering strict repository configuration mode!
2018-08-30 13:22:37,355 INFO [main] o.s.b.w.e.t.TomcatWebServer [TomcatWebServer.java:91] Tomcat initialized with port(s): 8070 (http)
2018-08-30 13:22:37,376 INFO [main] o.a.c.h.Http11NioProtocol [DirectJDKLog.java:180] Initializing ProtocolHandler ["http-nio-8070"]
2018-08-30 13:22:37,392 INFO [main] o.a.c.c.StandardService [DirectJDKLog.java:180] Starting service [Tomcat]
2018-08-30 13:22:37,392 INFO [main] o.a.c.c.StandardEngine [DirectJDKLog.java:180] Starting Servlet Engine: Apache Tomcat/8.5.31
2018-08-30 13:22:37,399 INFO [localhost-startStop-1] o.a.c.c.AprLifecycleListener [DirectJDKLog.java:180] The APR based Apache Tomcat Native library which allows optimal performance in production environments was not found on the java.library.path: [C:\Program Files\Java\jdk1.8.0_172\bin;C:\WINDOWS\Sun\Java\bin;C:\WINDOWS\system32;C:\WINDOWS;C:\Program Files\VanDyke Software\Clients\;C:\Program Files (x86)\Common Files\Oracle\Java\javapath;C:\Program Files (x86)\Intel\iCLS Client\;C:\Program Files\Intel\iCLS Client\;C:\Windows\system32;C:\Windows;C:\Windows\System32\Wbem;C:\Windows\System32\WindowsPowerShell\v1.0\;C:\Program Files (x86)\NVIDIA Corporation\PhysX\Common;C:\Program Files (x86)\Intel\Intel(R) Management Engine Components\DAL;C:\Program Files\Intel\Intel(R) Management Engine Components\DAL;C:\Program Files (x86)\Intel\Intel(R) Management Engine Components\IPT;C:\Program Files\Intel\Intel(R) Management Engine Components\IPT;C:\Program Files\Java\jdk1.8.0_172\bin;C:\Program Files\Java\jdk1.8.0_172\jre\bin;C:\tools\apache-maven-3.5.3\bin;C:\tools\Git\cmd;C:\tools\mysql-5.7.22-winx64\bin;C:\tools\gradle-4.8\bin;;C:\WINDOWS\system32;C:\WINDOWS;C:\WINDOWS\System32\Wbem;C:\WINDOWS\System32\WindowsPowerShell\v1.0\;C:\WINDOWS\System32\OpenSSH\;C:\Program Files\TortoiseSVN\bin;C:\Users\lkt\AppData\Local\Microsoft\WindowsApps;;.]
2018-08-30 13:22:37,598 INFO [localhost-startStop-1] o.a.c.c.C.[.[.[/myTestSky] [DirectJDKLog.java:180] Initializing Spring embedded WebApplicationContext
2018-08-30 13:22:37,599 INFO [localhost-startStop-1] o.s.w.c.ContextLoader [ServletWebServerApplicationContext.java:285] Root WebApplicationContext: initialization completed in 2178 ms
2018-08-30 13:22:38,932 INFO [localhost-startStop-1] o.s.b.w.s.ServletRegistrationBean [ServletRegistrationBean.java:186] Servlet dispatcherServlet mapped to [/]
2018-08-30 13:22:38,938 INFO [localhost-startStop-1] o.s.b.w.s.FilterRegistrationBean [AbstractFilterRegistrationBean.java:245] Mapping filter: 'characterEncodingFilter' to: [/*]
2018-08-30 13:22:38,939 INFO [localhost-startStop-1] o.s.b.w.s.FilterRegistrationBean [AbstractFilterRegistrationBean.java:245] Mapping filter: 'hiddenHttpMethodFilter' to: [/*]
2018-08-30 13:22:38,939 INFO [localhost-startStop-1] o.s.b.w.s.FilterRegistrationBean [AbstractFilterRegistrationBean.java:245] Mapping filter: 'httpPutFormContentFilter' to: [/*]
2018-08-30 13:22:38,939 INFO [localhost-startStop-1] o.s.b.w.s.FilterRegistrationBean [AbstractFilterRegistrationBean.java:245] Mapping filter: 'requestContextFilter' to: [/*]
2018-08-30 13:22:38,939 INFO [localhost-startStop-1] o.s.b.w.s.FilterRegistrationBean [AbstractFilterRegistrationBean.java:245] Mapping filter: 'httpTraceFilter' to: [/*]
2018-08-30 13:22:38,940 INFO [localhost-startStop-1] o.s.b.w.s.FilterRegistrationBean [AbstractFilterRegistrationBean.java:245] Mapping filter: 'webMvcMetricsFilter' to: [/*]
2018-08-30 13:22:39,091 INFO [main] o.s.w.s.h.SimpleUrlHandlerMapping [AbstractUrlHandlerMapping.java:373] Mapped URL path [/**/favicon.ico] onto handler of type [class org.springframework.web.servlet.resource.ResourceHttpRequestHandler]
2018-08-30 13:22:39,410 INFO [main] o.s.w.s.m.m.a.RequestMappingHandlerAdapter [RequestMappingHandlerAdapter.java:574] Looking for @ControllerAdvice: org.springframework.boot.web.servlet.context.AnnotationConfigServletWebServerApplicationContext@55182842: startup date [Thu Aug 30 13:22:35 CST 2018]; root of context hierarchy
2018-08-30 13:22:39,506 INFO [main] o.s.w.s.m.m.a.RequestMappingHandlerMapping [AbstractHandlerMethodMapping.java:547] Mapped "{[/test/hello]}" onto public java.lang.String com.lkt.mytest.controller.TestController.hello()
2018-08-30 13:22:39,512 INFO [main] o.s.w.s.m.m.a.RequestMappingHandlerMapping [AbstractHandlerMethodMapping.java:547] Mapped "{[/error]}" onto public org.springframework.http.ResponseEntity<java.util.Map<java.lang.String, java.lang.Object>> org.springframework.boot.autoconfigure.web.servlet.error.BasicErrorController.error(javax.servlet.http.HttpServletRequest)
2018-08-30 13:22:39,513 INFO [main] o.s.w.s.m.m.a.RequestMappingHandlerMapping [AbstractHandlerMethodMapping.java:547] Mapped "{[/error],produces=[text/html]}" onto public org.springframework.web.servlet.ModelAndView org.springframework.boot.autoconfigure.web.servlet.error.BasicErrorController.errorHtml(javax.servlet.http.HttpServletRequest,javax.servlet.http.HttpServletResponse)
2018-08-30 13:22:39,547 INFO [main] o.s.w.s.h.SimpleUrlHandlerMapping [AbstractUrlHandlerMapping.java:373] Mapped URL path [/webjars/**] onto handler of type [class org.springframework.web.servlet.resource.ResourceHttpRequestHandler]
2018-08-30 13:22:39,548 INFO [main] o.s.w.s.h.SimpleUrlHandlerMapping [AbstractUrlHandlerMapping.java:373] Mapped URL path [/**] onto handler of type [class org.springframework.web.servlet.resource.ResourceHttpRequestHandler]
2018-08-30 13:22:40,071 INFO [main] o.s.b.a.e.w.EndpointLinksResolver [EndpointLinksResolver.java:59] Exposing 2 endpoint(s) beneath base path '/actuator'
2018-08-30 13:22:40,085 INFO [main] o.s.b.a.e.w.s.WebMvcEndpointHandlerMapping [AbstractHandlerMethodMapping.java:547] Mapped "{[/actuator/health],methods=[GET],produces=[application/vnd.spring-boot.actuator.v2+json || application/json]}" onto public java.lang.Object org.springframework.boot.actuate.endpoint.web.servlet.AbstractWebMvcEndpointHandlerMapping$OperationHandler.handle(javax.servlet.http.HttpServletRequest,java.util.Map<java.lang.String, java.lang.String>)
2018-08-30 13:22:40,086 INFO [main] o.s.b.a.e.w.s.WebMvcEndpointHandlerMapping [AbstractHandlerMethodMapping.java:547] Mapped "{[/actuator/info],methods=[GET],produces=[application/vnd.spring-boot.actuator.v2+json || application/json]}" onto public java.lang.Object org.springframework.boot.actuate.endpoint.web.servlet.AbstractWebMvcEndpointHandlerMapping$OperationHandler.handle(javax.servlet.http.HttpServletRequest,java.util.Map<java.lang.String, java.lang.String>)
2018-08-30 13:22:40,088 INFO [main] o.s.b.a.e.w.s.WebMvcEndpointHandlerMapping [AbstractHandlerMethodMapping.java:547] Mapped "{[/actuator],methods=[GET],produces=[application/vnd.spring-boot.actuator.v2+json || application/json]}" onto protected java.util.Map<java.lang.String, java.util.Map<java.lang.String, org.springframework.boot.actuate.endpoint.web.Link>> org.springframework.boot.actuate.endpoint.web.servlet.WebMvcEndpointHandlerMapping.links(javax.servlet.http.HttpServletRequest,javax.servlet.http.HttpServletResponse)
2018-08-30 13:22:40,141 INFO [main] o.s.j.e.a.AnnotationMBeanExporter [MBeanExporter.java:433] Registering beans for JMX exposure on startup
2018-08-30 13:22:40,160 INFO [main] o.a.c.h.Http11NioProtocol [DirectJDKLog.java:180] Starting ProtocolHandler ["http-nio-8070"]
2018-08-30 13:22:40,170 INFO [main] o.a.t.u.n.NioSelectorPool [DirectJDKLog.java:180] Using a shared selector for servlet write/read
2018-08-30 13:22:40,189 INFO [main] o.s.b.w.e.t.TomcatWebServer [TomcatWebServer.java:206] Tomcat started on port(s): 8070 (http) with context path '/myTestSky'
2018-08-30 13:22:40,193 INFO [main] c.l.m.MytestApplication [StartupInfoLogger.java:59] Started MytestApplication in 5.673 seconds (JVM running for 7.71)
2018-08-30 13:22:40,854 INFO [RMI TCP Connection(6)-127.0.0.1] o.a.c.c.C.[.[.[/myTestSky] [DirectJDKLog.java:180] Initializing Spring FrameworkServlet 'dispatcherServlet'
2018-08-30 13:22:40,855 INFO [RMI TCP Connection(6)-127.0.0.1] o.s.w.s.DispatcherServlet [FrameworkServlet.java:494] FrameworkServlet 'dispatcherServlet': initialization started
2018-08-30 13:22:40,875 INFO [RMI TCP Connection(6)-127.0.0.1] o.s.w.s.DispatcherServlet [FrameworkServlet.java:509] FrameworkServlet 'dispatcherServlet': initialization completed in 20 ms
2018-08-30 13:22:40,975 INFO [RMI TCP Connection(8)-127.0.0.1] i.l.c.EpollProvider [Slf4JLogger.java:101] Starting without optional epoll library
2018-08-30 13:22:40,978 INFO [RMI TCP Connection(8)-127.0.0.1] i.l.c.KqueueProvider [Slf4JLogger.java:101] Starting without optional kqueue library
2018-08-30 13:26:26,495 INFO [main] c.l.m.MytestApplication [StartupInfoLogger.java:50] Starting MytestApplication on DESKTOP-3D9UNLH with PID 2900 (C:\work\gitWork\mytest\out\production\classes started by lkt in C:\work\gitWork\mytest)
2018-08-30 13:26:26,501 INFO [main] c.l.m.MytestApplication [SpringApplication.java:659] No active profile set, falling back to default profiles: default
2018-08-30 13:26:26,620 INFO [main] o.s.b.w.s.c.AnnotationConfigServletWebServerApplicationContext [AbstractApplicationContext.java:590] Refreshing org.springframework.boot.web.servlet.context.AnnotationConfigServletWebServerApplicationContext@55182842: startup date [Thu Aug 30 13:26:26 CST 2018]; root of context hierarchy
2018-08-30 13:26:27,519 INFO [main] o.s.d.r.c.RepositoryConfigurationDelegate [RepositoryConfigurationDelegate.java:163] Multiple Spring Data modules found, entering strict repository configuration mode!
2018-08-30 13:26:28,262 INFO [main] o.s.b.w.e.t.TomcatWebServer [TomcatWebServer.java:91] Tomcat initialized with port(s): 8070 (http)
2018-08-30 13:26:28,276 INFO [main] o.a.c.h.Http11NioProtocol [DirectJDKLog.java:180] Initializing ProtocolHandler ["http-nio-8070"]
2018-08-30 13:26:28,287 INFO [main] o.a.c.c.StandardService [DirectJDKLog.java:180] Starting service [Tomcat]
2018-08-30 13:26:28,287 INFO [main] o.a.c.c.StandardEngine [DirectJDKLog.java:180] Starting Servlet Engine: Apache Tomcat/8.5.31
2018-08-30 13:26:28,291 INFO [localhost-startStop-1] o.a.c.c.AprLifecycleListener [DirectJDKLog.java:180] The APR based Apache Tomcat Native library which allows optimal performance in production environments was not found on the java.library.path: [C:\Program Files\Java\jdk1.8.0_172\bin;C:\WINDOWS\Sun\Java\bin;C:\WINDOWS\system32;C:\WINDOWS;C:\Program Files\VanDyke Software\Clients\;C:\Program Files (x86)\Common Files\Oracle\Java\javapath;C:\Program Files (x86)\Intel\iCLS Client\;C:\Program Files\Intel\iCLS Client\;C:\Windows\system32;C:\Windows;C:\Windows\System32\Wbem;C:\Windows\System32\WindowsPowerShell\v1.0\;C:\Program Files (x86)\NVIDIA Corporation\PhysX\Common;C:\Program Files (x86)\Intel\Intel(R) Management Engine Components\DAL;C:\Program Files\Intel\Intel(R) Management Engine Components\DAL;C:\Program Files (x86)\Intel\Intel(R) Management Engine Components\IPT;C:\Program Files\Intel\Intel(R) Management Engine Components\IPT;C:\Program Files\Java\jdk1.8.0_172\bin;C:\Program Files\Java\jdk1.8.0_172\jre\bin;C:\tools\apache-maven-3.5.3\bin;C:\tools\Git\cmd;C:\tools\mysql-5.7.22-winx64\bin;C:\tools\gradle-4.8\bin;;C:\WINDOWS\system32;C:\WINDOWS;C:\WINDOWS\System32\Wbem;C:\WINDOWS\System32\WindowsPowerShell\v1.0\;C:\WINDOWS\System32\OpenSSH\;C:\Program Files\TortoiseSVN\bin;C:\Users\lkt\AppData\Local\Microsoft\WindowsApps;;.]
2018-08-30 13:26:28,464 INFO [localhost-startStop-1] o.a.c.c.C.[.[.[/myTestSky] [DirectJDKLog.java:180] Initializing Spring embedded WebApplicationContext
2018-08-30 13:26:28,464 INFO [localhost-startStop-1] o.s.w.c.ContextLoader [ServletWebServerApplicationContext.java:285] Root WebApplicationContext: initialization completed in 1847 ms
2018-08-30 13:26:29,626 INFO [localhost-startStop-1] o.s.b.w.s.ServletRegistrationBean [ServletRegistrationBean.java:186] Servlet dispatcherServlet mapped to [/]
2018-08-30 13:26:29,632 INFO [localhost-startStop-1] o.s.b.w.s.FilterRegistrationBean [AbstractFilterRegistrationBean.java:245] Mapping filter: 'characterEncodingFilter' to: [/*]
2018-08-30 13:26:29,632 INFO [localhost-startStop-1] o.s.b.w.s.FilterRegistrationBean [AbstractFilterRegistrationBean.java:245] Mapping filter: 'hiddenHttpMethodFilter' to: [/*]
2018-08-30 13:26:29,632 INFO [localhost-startStop-1] o.s.b.w.s.FilterRegistrationBean [AbstractFilterRegistrationBean.java:245] Mapping filter: 'httpPutFormContentFilter' to: [/*]
2018-08-30 13:26:29,632 INFO [localhost-startStop-1] o.s.b.w.s.FilterRegistrationBean [AbstractFilterRegistrationBean.java:245] Mapping filter: 'requestContextFilter' to: [/*]
2018-08-30 13:26:29,633 INFO [localhost-startStop-1] o.s.b.w.s.FilterRegistrationBean [AbstractFilterRegistrationBean.java:245] Mapping filter: 'httpTraceFilter' to: [/*]
2018-08-30 13:26:29,633 INFO [localhost-startStop-1] o.s.b.w.s.FilterRegistrationBean [AbstractFilterRegistrationBean.java:245] Mapping filter: 'webMvcMetricsFilter' to: [/*]
2018-08-30 13:26:29,757 INFO [main] o.s.w.s.h.SimpleUrlHandlerMapping [AbstractUrlHandlerMapping.java:373] Mapped URL path [/**/favicon.ico] onto handler of type [class org.springframework.web.servlet.resource.ResourceHttpRequestHandler]
2018-08-30 13:26:30,014 INFO [main] o.s.w.s.m.m.a.RequestMappingHandlerAdapter [RequestMappingHandlerAdapter.java:574] Looking for @ControllerAdvice: org.springframework.boot.web.servlet.context.AnnotationConfigServletWebServerApplicationContext@55182842: startup date [Thu Aug 30 13:26:26 CST 2018]; root of context hierarchy
2018-08-30 13:26:30,073 INFO [main] o.s.w.s.m.m.a.RequestMappingHandlerMapping [AbstractHandlerMethodMapping.java:547] Mapped "{[/test/hello]}" onto public java.lang.String com.lkt.mytest.controller.TestController.hello()
2018-08-30 13:26:30,078 INFO [main] o.s.w.s.m.m.a.RequestMappingHandlerMapping [AbstractHandlerMethodMapping.java:547] Mapped "{[/error]}" onto public org.springframework.http.ResponseEntity<java.util.Map<java.lang.String, java.lang.Object>> org.springframework.boot.autoconfigure.web.servlet.error.BasicErrorController.error(javax.servlet.http.HttpServletRequest)
2018-08-30 13:26:30,079 INFO [main] o.s.w.s.m.m.a.RequestMappingHandlerMapping [AbstractHandlerMethodMapping.java:547] Mapped "{[/error],produces=[text/html]}" onto public org.springframework.web.servlet.ModelAndView org.springframework.boot.autoconfigure.web.servlet.error.BasicErrorController.errorHtml(javax.servlet.http.HttpServletRequest,javax.servlet.http.HttpServletResponse)
2018-08-30 13:26:30,110 INFO [main] o.s.w.s.h.SimpleUrlHandlerMapping [AbstractUrlHandlerMapping.java:373] Mapped URL path [/webjars/**] onto handler of type [class org.springframework.web.servlet.resource.ResourceHttpRequestHandler]
2018-08-30 13:26:30,111 INFO [main] o.s.w.s.h.SimpleUrlHandlerMapping [AbstractUrlHandlerMapping.java:373] Mapped URL path [/**] onto handler of type [class org.springframework.web.servlet.resource.ResourceHttpRequestHandler]
2018-08-30 13:26:30,628 INFO [main] o.s.b.a.e.w.EndpointLinksResolver [EndpointLinksResolver.java:59] Exposing 2 endpoint(s) beneath base path '/actuator'
2018-08-30 13:26:30,642 INFO [main] o.s.b.a.e.w.s.WebMvcEndpointHandlerMapping [AbstractHandlerMethodMapping.java:547] Mapped "{[/actuator/health],methods=[GET],produces=[application/vnd.spring-boot.actuator.v2+json || application/json]}" onto public java.lang.Object org.springframework.boot.actuate.endpoint.web.servlet.AbstractWebMvcEndpointHandlerMapping$OperationHandler.handle(javax.servlet.http.HttpServletRequest,java.util.Map<java.lang.String, java.lang.String>)
2018-08-30 13:26:30,643 INFO [main] o.s.b.a.e.w.s.WebMvcEndpointHandlerMapping [AbstractHandlerMethodMapping.java:547] Mapped "{[/actuator/info],methods=[GET],produces=[application/vnd.spring-boot.actuator.v2+json || application/json]}" onto public java.lang.Object org.springframework.boot.actuate.endpoint.web.servlet.AbstractWebMvcEndpointHandlerMapping$OperationHandler.handle(javax.servlet.http.HttpServletRequest,java.util.Map<java.lang.String, java.lang.String>)
2018-08-30 13:26:30,645 INFO [main] o.s.b.a.e.w.s.WebMvcEndpointHandlerMapping [AbstractHandlerMethodMapping.java:547] Mapped "{[/actuator],methods=[GET],produces=[application/vnd.spring-boot.actuator.v2+json || application/json]}" onto protected java.util.Map<java.lang.String, java.util.Map<java.lang.String, org.springframework.boot.actuate.endpoint.web.Link>> org.springframework.boot.actuate.endpoint.web.servlet.WebMvcEndpointHandlerMapping.links(javax.servlet.http.HttpServletRequest,javax.servlet.http.HttpServletResponse)
2018-08-30 13:26:30,704 INFO [main] o.s.j.e.a.AnnotationMBeanExporter [MBeanExporter.java:433] Registering beans for JMX exposure on startup
2018-08-30 13:26:30,725 INFO [main] o.a.c.h.Http11NioProtocol [DirectJDKLog.java:180] Starting ProtocolHandler ["http-nio-8070"]
2018-08-30 13:26:30,734 INFO [main] o.a.t.u.n.NioSelectorPool [DirectJDKLog.java:180] Using a shared selector for servlet write/read
2018-08-30 13:26:30,753 INFO [main] o.s.b.w.e.t.TomcatWebServer [TomcatWebServer.java:206] Tomcat started on port(s): 8070 (http) with context path '/myTestSky'
2018-08-30 13:26:30,758 INFO [main] c.l.m.MytestApplication [StartupInfoLogger.java:59] Started MytestApplication in 4.891 seconds (JVM running for 6.391)
2018-08-30 13:26:31,595 INFO [RMI TCP Connection(6)-127.0.0.1] o.a.c.c.C.[.[.[/myTestSky] [DirectJDKLog.java:180] Initializing Spring FrameworkServlet 'dispatcherServlet'
2018-08-30 13:26:31,595 INFO [RMI TCP Connection(6)-127.0.0.1] o.s.w.s.DispatcherServlet [FrameworkServlet.java:494] FrameworkServlet 'dispatcherServlet': initialization started
2018-08-30 13:26:31,620 INFO [RMI TCP Connection(6)-127.0.0.1] o.s.w.s.DispatcherServlet [FrameworkServlet.java:509] FrameworkServlet 'dispatcherServlet': initialization completed in 24 ms
2018-08-30 13:26:31,792 INFO [RMI TCP Connection(5)-127.0.0.1] i.l.c.EpollProvider [Slf4JLogger.java:101] Starting without optional epoll library
2018-08-30 13:26:31,803 INFO [RMI TCP Connection(5)-127.0.0.1] i.l.c.KqueueProvider [Slf4JLogger.java:101] Starting without optional kqueue library
2018-08-30 13:28:20,166 ERROR [main] o.s.b.SpringApplication [SpringApplication.java:842] Application run failed
java.lang.IllegalStateException: Logback configuration error detected: 
ERROR in ch.qos.logback.classic.PatternLayout("null") - Empty or null pattern.
	at org.springframework.boot.logging.logback.LogbackLoggingSystem.loadConfiguration(LogbackLoggingSystem.java:166)
	at org.springframework.boot.logging.logback.LogbackLoggingSystem.reinitialize(LogbackLoggingSystem.java:212)
	at org.springframework.boot.logging.AbstractLoggingSystem.initializeWithConventions(AbstractLoggingSystem.java:75)
	at org.springframework.boot.logging.AbstractLoggingSystem.initialize(AbstractLoggingSystem.java:60)
	at org.springframework.boot.logging.logback.LogbackLoggingSystem.initialize(LogbackLoggingSystem.java:114)
	at org.springframework.boot.context.logging.LoggingApplicationListener.initializeSystem(LoggingApplicationListener.java:264)
	at org.springframework.boot.context.logging.LoggingApplicationListener.initialize(LoggingApplicationListener.java:237)
	at org.springframework.boot.context.logging.LoggingApplicationListener.onApplicationEnvironmentPreparedEvent(LoggingApplicationListener.java:200)
	at org.springframework.boot.context.logging.LoggingApplicationListener.onApplicationEvent(LoggingApplicationListener.java:173)
	at org.springframework.context.event.SimpleApplicationEventMulticaster.doInvokeListener(SimpleApplicationEventMulticaster.java:172)
	at org.springframework.context.event.SimpleApplicationEventMulticaster.invokeListener(SimpleApplicationEventMulticaster.java:165)
	at org.springframework.context.event.SimpleApplicationEventMulticaster.multicastEvent(SimpleApplicationEventMulticaster.java:139)
	at org.springframework.context.event.SimpleApplicationEventMulticaster.multicastEvent(SimpleApplicationEventMulticaster.java:127)
	at org.springframework.boot.context.event.EventPublishingRunListener.environmentPrepared(EventPublishingRunListener.java:74)
	at org.springframework.boot.SpringApplicationRunListeners.environmentPrepared(SpringApplicationRunListeners.java:54)
	at org.springframework.boot.SpringApplication.prepareEnvironment(SpringApplication.java:358)
	at org.springframework.boot.SpringApplication.run(SpringApplication.java:317)
	at org.springframework.boot.SpringApplication.run(SpringApplication.java:1255)
	at org.springframework.boot.SpringApplication.run(SpringApplication.java:1243)
	at com.lkt.mytest.MytestApplication.main(MytestApplication.java:10)
2018-08-30 13:32:56,126 INFO [main] c.l.m.MytestApplication [StartupInfoLogger.java:50] Starting MytestApplication on DESKTOP-3D9UNLH with PID 22468 (C:\work\gitWork\mytest\out\production\classes started by lkt in C:\work\gitWork\mytest)
2018-08-30 13:32:56,139 INFO [main] c.l.m.MytestApplication [SpringApplication.java:659] No active profile set, falling back to default profiles: default
2018-08-30 13:32:56,217 INFO [main] o.s.b.w.s.c.AnnotationConfigServletWebServerApplicationContext [AbstractApplicationContext.java:590] Refreshing org.springframework.boot.web.servlet.context.AnnotationConfigServletWebServerApplicationContext@73a1e9a9: startup date [Thu Aug 30 13:32:56 CST 2018]; root of context hierarchy
2018-08-30 13:32:57,236 INFO [main] o.s.d.r.c.RepositoryConfigurationDelegate [RepositoryConfigurationDelegate.java:163] Multiple Spring Data modules found, entering strict repository configuration mode!
2018-08-30 13:32:58,065 INFO [main] o.s.b.w.e.t.TomcatWebServer [TomcatWebServer.java:91] Tomcat initialized with port(s): 8070 (http)
2018-08-30 13:32:58,082 INFO [main] o.a.c.h.Http11NioProtocol [DirectJDKLog.java:180] Initializing ProtocolHandler ["http-nio-8070"]
2018-08-30 13:32:58,094 INFO [main] o.a.c.c.StandardService [DirectJDKLog.java:180] Starting service [Tomcat]
2018-08-30 13:32:58,094 INFO [main] o.a.c.c.StandardEngine [DirectJDKLog.java:180] Starting Servlet Engine: Apache Tomcat/8.5.31
2018-08-30 13:32:58,099 INFO [localhost-startStop-1] o.a.c.c.AprLifecycleListener [DirectJDKLog.java:180] The APR based Apache Tomcat Native library which allows optimal performance in production environments was not found on the java.library.path: [C:\Program Files\Java\jdk1.8.0_172\bin;C:\WINDOWS\Sun\Java\bin;C:\WINDOWS\system32;C:\WINDOWS;C:\Program Files\VanDyke Software\Clients\;C:\Program Files (x86)\Common Files\Oracle\Java\javapath;C:\Program Files (x86)\Intel\iCLS Client\;C:\Program Files\Intel\iCLS Client\;C:\Windows\system32;C:\Windows;C:\Windows\System32\Wbem;C:\Windows\System32\WindowsPowerShell\v1.0\;C:\Program Files (x86)\NVIDIA Corporation\PhysX\Common;C:\Program Files (x86)\Intel\Intel(R) Management Engine Components\DAL;C:\Program Files\Intel\Intel(R) Management Engine Components\DAL;C:\Program Files (x86)\Intel\Intel(R) Management Engine Components\IPT;C:\Program Files\Intel\Intel(R) Management Engine Components\IPT;C:\Program Files\Java\jdk1.8.0_172\bin;C:\Program Files\Java\jdk1.8.0_172\jre\bin;C:\tools\apache-maven-3.5.3\bin;C:\tools\Git\cmd;C:\tools\mysql-5.7.22-winx64\bin;C:\tools\gradle-4.8\bin;;C:\WINDOWS\system32;C:\WINDOWS;C:\WINDOWS\System32\Wbem;C:\WINDOWS\System32\WindowsPowerShell\v1.0\;C:\WINDOWS\System32\OpenSSH\;C:\Program Files\TortoiseSVN\bin;C:\Users\lkt\AppData\Local\Microsoft\WindowsApps;;.]
2018-08-30 13:32:58,305 INFO [localhost-startStop-1] o.a.c.c.C.[.[.[/myTestSky] [DirectJDKLog.java:180] Initializing Spring embedded WebApplicationContext
2018-08-30 13:32:58,306 INFO [localhost-startStop-1] o.s.w.c.ContextLoader [ServletWebServerApplicationContext.java:285] Root WebApplicationContext: initialization completed in 2092 ms
2018-08-30 13:32:59,600 INFO [localhost-startStop-1] o.s.b.w.s.ServletRegistrationBean [ServletRegistrationBean.java:186] Servlet dispatcherServlet mapped to [/]
2018-08-30 13:32:59,606 INFO [localhost-startStop-1] o.s.b.w.s.FilterRegistrationBean [AbstractFilterRegistrationBean.java:245] Mapping filter: 'characterEncodingFilter' to: [/*]
2018-08-30 13:32:59,606 INFO [localhost-startStop-1] o.s.b.w.s.FilterRegistrationBean [AbstractFilterRegistrationBean.java:245] Mapping filter: 'hiddenHttpMethodFilter' to: [/*]
2018-08-30 13:32:59,606 INFO [localhost-startStop-1] o.s.b.w.s.FilterRegistrationBean [AbstractFilterRegistrationBean.java:245] Mapping filter: 'httpPutFormContentFilter' to: [/*]
2018-08-30 13:32:59,607 INFO [localhost-startStop-1] o.s.b.w.s.FilterRegistrationBean [AbstractFilterRegistrationBean.java:245] Mapping filter: 'requestContextFilter' to: [/*]
2018-08-30 13:32:59,607 INFO [localhost-startStop-1] o.s.b.w.s.FilterRegistrationBean [AbstractFilterRegistrationBean.java:245] Mapping filter: 'httpTraceFilter' to: [/*]
2018-08-30 13:32:59,607 INFO [localhost-startStop-1] o.s.b.w.s.FilterRegistrationBean [AbstractFilterRegistrationBean.java:245] Mapping filter: 'webMvcMetricsFilter' to: [/*]
2018-08-30 13:32:59,778 INFO [main] o.s.w.s.h.SimpleUrlHandlerMapping [AbstractUrlHandlerMapping.java:373] Mapped URL path [/**/favicon.ico] onto handler of type [class org.springframework.web.servlet.resource.ResourceHttpRequestHandler]
2018-08-30 13:33:00,073 INFO [main] o.s.w.s.m.m.a.RequestMappingHandlerAdapter [RequestMappingHandlerAdapter.java:574] Looking for @ControllerAdvice: org.springframework.boot.web.servlet.context.AnnotationConfigServletWebServerApplicationContext@73a1e9a9: startup date [Thu Aug 30 13:32:56 CST 2018]; root of context hierarchy
2018-08-30 13:33:00,134 INFO [main] o.s.w.s.m.m.a.RequestMappingHandlerMapping [AbstractHandlerMethodMapping.java:547] Mapped "{[/test/hello]}" onto public java.lang.String com.lkt.mytest.controller.TestController.hello()
2018-08-30 13:33:00,139 INFO [main] o.s.w.s.m.m.a.RequestMappingHandlerMapping [AbstractHandlerMethodMapping.java:547] Mapped "{[/error]}" onto public org.springframework.http.ResponseEntity<java.util.Map<java.lang.String, java.lang.Object>> org.springframework.boot.autoconfigure.web.servlet.error.BasicErrorController.error(javax.servlet.http.HttpServletRequest)
2018-08-30 13:33:00,140 INFO [main] o.s.w.s.m.m.a.RequestMappingHandlerMapping [AbstractHandlerMethodMapping.java:547] Mapped "{[/error],produces=[text/html]}" onto public org.springframework.web.servlet.ModelAndView org.springframework.boot.autoconfigure.web.servlet.error.BasicErrorController.errorHtml(javax.servlet.http.HttpServletRequest,javax.servlet.http.HttpServletResponse)
2018-08-30 13:33:00,172 INFO [main] o.s.w.s.h.SimpleUrlHandlerMapping [AbstractUrlHandlerMapping.java:373] Mapped URL path [/webjars/**] onto handler of type [class org.springframework.web.servlet.resource.ResourceHttpRequestHandler]
2018-08-30 13:33:00,173 INFO [main] o.s.w.s.h.SimpleUrlHandlerMapping [AbstractUrlHandlerMapping.java:373] Mapped URL path [/**] onto handler of type [class org.springframework.web.servlet.resource.ResourceHttpRequestHandler]
2018-08-30 13:33:00,736 INFO [main] o.s.b.a.e.w.EndpointLinksResolver [EndpointLinksResolver.java:59] Exposing 2 endpoint(s) beneath base path '/actuator'
2018-08-30 13:33:00,750 INFO [main] o.s.b.a.e.w.s.WebMvcEndpointHandlerMapping [AbstractHandlerMethodMapping.java:547] Mapped "{[/actuator/health],methods=[GET],produces=[application/vnd.spring-boot.actuator.v2+json || application/json]}" onto public java.lang.Object org.springframework.boot.actuate.endpoint.web.servlet.AbstractWebMvcEndpointHandlerMapping$OperationHandler.handle(javax.servlet.http.HttpServletRequest,java.util.Map<java.lang.String, java.lang.String>)
2018-08-30 13:33:00,751 INFO [main] o.s.b.a.e.w.s.WebMvcEndpointHandlerMapping [AbstractHandlerMethodMapping.java:547] Mapped "{[/actuator/info],methods=[GET],produces=[application/vnd.spring-boot.actuator.v2+json || application/json]}" onto public java.lang.Object org.springframework.boot.actuate.endpoint.web.servlet.AbstractWebMvcEndpointHandlerMapping$OperationHandler.handle(javax.servlet.http.HttpServletRequest,java.util.Map<java.lang.String, java.lang.String>)
2018-08-30 13:33:00,752 INFO [main] o.s.b.a.e.w.s.WebMvcEndpointHandlerMapping [AbstractHandlerMethodMapping.java:547] Mapped "{[/actuator],methods=[GET],produces=[application/vnd.spring-boot.actuator.v2+json || application/json]}" onto protected java.util.Map<java.lang.String, java.util.Map<java.lang.String, org.springframework.boot.actuate.endpoint.web.Link>> org.springframework.boot.actuate.endpoint.web.servlet.WebMvcEndpointHandlerMapping.links(javax.servlet.http.HttpServletRequest,javax.servlet.http.HttpServletResponse)
2018-08-30 13:33:00,814 INFO [main] o.s.j.e.a.AnnotationMBeanExporter [MBeanExporter.java:433] Registering beans for JMX exposure on startup
2018-08-30 13:33:00,833 INFO [main] o.a.c.h.Http11NioProtocol [DirectJDKLog.java:180] Starting ProtocolHandler ["http-nio-8070"]
2018-08-30 13:33:00,843 INFO [main] o.a.t.u.n.NioSelectorPool [DirectJDKLog.java:180] Using a shared selector for servlet write/read
2018-08-30 13:33:00,864 INFO [main] o.s.b.w.e.t.TomcatWebServer [TomcatWebServer.java:206] Tomcat started on port(s): 8070 (http) with context path '/myTestSky'
2018-08-30 13:33:00,868 INFO [main] c.l.m.MytestApplication [StartupInfoLogger.java:59] Started MytestApplication in 5.563 seconds (JVM running for 7.474)
2018-08-30 13:33:01,687 INFO [RMI TCP Connection(6)-127.0.0.1] o.a.c.c.C.[.[.[/myTestSky] [DirectJDKLog.java:180] Initializing Spring FrameworkServlet 'dispatcherServlet'
2018-08-30 13:33:01,687 INFO [RMI TCP Connection(6)-127.0.0.1] o.s.w.s.DispatcherServlet [FrameworkServlet.java:494] FrameworkServlet 'dispatcherServlet': initialization started
2018-08-30 13:33:01,734 INFO [RMI TCP Connection(6)-127.0.0.1] o.s.w.s.DispatcherServlet [FrameworkServlet.java:509] FrameworkServlet 'dispatcherServlet': initialization completed in 46 ms
2018-08-30 13:33:01,848 INFO [RMI TCP Connection(7)-127.0.0.1] i.l.c.EpollProvider [Slf4JLogger.java:101] Starting without optional epoll library
2018-08-30 13:33:01,851 INFO [RMI TCP Connection(7)-127.0.0.1] i.l.c.KqueueProvider [Slf4JLogger.java:101] Starting without optional kqueue library
